<?xml version="1.0" encoding="UTF-8"?>
<!-- Generated by org.testng.reporters.JUnitXMLReporter -->
<testsuite ignored="0" hostname="pensionbox-pradeep-Vivobook-M1603QA" failures="0" tests="8" name="Test" time="74.496" errors="0" timestamp="2024-08-12T12:55:16 IST">
  <testcase classname="testScripts.SignUp" name="signUpTC001" time="6.224"/>
  <testcase classname="testScripts.SignUp" name="signUpTC003" time="2.763"/>
  <testcase classname="testScripts.SignUp" name="signUpTC004" time="2.202"/>
  <testcase classname="testScripts.SignUp" name="signUpTC005" time="1.816"/>
  <testcase classname="testScripts.SignUp" name="signUpTC006" time="3.008"/>
  <testcase classname="testScripts.SignUp" name="signUpTC007" time="3.844"/>
  <testcase classname="testScripts.SignUp" name="signUpTC010" time="3.397"/>
  <testcase classname="testScripts.SignUp" name="signUpTC010B" time="2.616"/>
</testsuite> <!-- Test -->
